<?xml version="1.0" encoding="UTF-8"?>
<testsuite name="com.im.test.TransactionSpec" tests="4" skipped="0" failures="0" errors="0" timestamp="2016-02-15T12:15:14" hostname="shalika" time="0.256">
  <properties/>
  <testcase name=" test sell" classname="com.im.test.TransactionSpec" time="0.126"/>
  <testcase name="cancle sale" classname="com.im.test.TransactionSpec" time="0.091"/>
  <testcase name="calculate discount" classname="com.im.test.TransactionSpec" time="0.004"/>
  <testcase name="getAllPopularProducts" classname="com.im.test.TransactionSpec" time="0.035"/>
  <system-out><![CDATA[products:[com.im.test.Product@d0fef87, com.im.test.Product@980dfa9]
===============[com.im.test.Product@d0fef87]
]]></system-out>
  <system-err><![CDATA[]]></system-err>
</testsuite>
